oramla/platforms/android/app/build/intermediates/manifest_merge_blame_file/release/manifest-merger-blame-release-report.txt
1<?xml version="1.0" encoding="utf-8"?>
2<manifest xmlns:android="http://schemas.android.com/apk/res/android"
3    package="com.benco.org"
4    android:hardwareAccelerated="true"
5    android:versionCode="10000"
6    android:versionName="1.0.0" >
7
8    <uses-sdk
9        android:minSdkVersion="22"
9-->src\main\AndroidManifest.xml
10        android:targetSdkVersion="29" />
10-->src\main\AndroidManifest.xml
11
12    <supports-screens
12-->src\main\AndroidManifest.xml:3:5-191
13        android:anyDensity="true"
13-->src\main\AndroidManifest.xml:3:23-48
14        android:largeScreens="true"
14-->src\main\AndroidManifest.xml:3:49-76
15        android:normalScreens="true"
15-->src\main\AndroidManifest.xml:3:77-105
16        android:resizeable="true"
16-->src\main\AndroidManifest.xml:3:106-131
17        android:smallScreens="true"
17-->src\main\AndroidManifest.xml:3:132-159
18        android:xlargeScreens="true" />
18-->src\main\AndroidManifest.xml:3:160-188
19
20    <uses-permission android:name="android.permission.INTERNET" />
20-->src\main\AndroidManifest.xml:4:5-67
20-->src\main\AndroidManifest.xml:4:22-64
21    <uses-permission android:name="android.permission.WRITE_EXTERNAL_STORAGE" />
21-->src\main\AndroidManifest.xml:13:5-81
21-->src\main\AndroidManifest.xml:13:22-78
22    <uses-permission android:name="android.permission.RECORD_AUDIO" />
22-->src\main\AndroidManifest.xml:14:5-71
22-->src\main\AndroidManifest.xml:14:22-68
23    <uses-permission android:name="android.permission.MODIFY_AUDIO_SETTINGS" />
23-->src\main\AndroidManifest.xml:15:5-80
23-->src\main\AndroidManifest.xml:15:22-77
24    <uses-permission android:name="android.permission.READ_PHONE_STATE" />
24-->src\main\AndroidManifest.xml:16:5-75
24-->src\main\AndroidManifest.xml:16:22-72
25    <uses-permission android:name="android.permission.ACCESS_COARSE_LOCATION" />
25-->src\main\AndroidManifest.xml:17:5-81
25-->src\main\AndroidManifest.xml:17:22-78
26    <uses-permission android:name="android.permission.ACCESS_FINE_LOCATION" />
26-->src\main\AndroidManifest.xml:18:5-79
26-->src\main\AndroidManifest.xml:18:22-76
27
28    <uses-feature
28-->src\main\AndroidManifest.xml:19:5-90
29        android:name="android.hardware.location.gps"
29-->src\main\AndroidManifest.xml:19:19-63
30        android:required="true" />
30-->src\main\AndroidManifest.xml:19:64-87
31
32    <application
32-->src\main\AndroidManifest.xml:5:5-12:19
33        android:hardwareAccelerated="true"
33-->src\main\AndroidManifest.xml:5:18-52
34        android:icon="@mipmap/ic_launcher"
34-->src\main\AndroidManifest.xml:5:53-87
35        android:label="@string/app_name"
35-->src\main\AndroidManifest.xml:5:88-120
36        android:supportsRtl="true" >
36-->src\main\AndroidManifest.xml:5:121-147
37        <activity
37-->src\main\AndroidManifest.xml:6:9-11:20
38            android:name="com.benco.org.MainActivity"
38-->src\main\AndroidManifest.xml:6:205-232
39            android:configChanges="orientation|keyboardHidden|keyboard|screenSize|locale|smallestScreenSize|screenLayout|uiMode"
39-->src\main\AndroidManifest.xml:6:19-135
40            android:label="@string/activity_name"
40-->src\main\AndroidManifest.xml:6:136-173
41            android:launchMode="singleTop"
41-->src\main\AndroidManifest.xml:6:174-204
42            android:theme="@android:style/Theme.DeviceDefault.NoActionBar"
42-->src\main\AndroidManifest.xml:6:233-295
43            android:windowSoftInputMode="adjustResize" >
43-->src\main\AndroidManifest.xml:6:296-338
44            <intent-filter android:label="@string/launcher_name" >
44-->src\main\AndroidManifest.xml:7:13-10:29
44-->src\main\AndroidManifest.xml:7:28-65
45                <action android:name="android.intent.action.MAIN" />
45-->src\main\AndroidManifest.xml:8:17-69
45-->src\main\AndroidManifest.xml:8:25-66
46
47                <category android:name="android.intent.category.LAUNCHER" />
47-->src\main\AndroidManifest.xml:9:17-77
47-->src\main\AndroidManifest.xml:9:27-74
48            </intent-filter>
49        </activity>
50    </application>
51
52</manifest>